<?xml version="1.0" encoding="UTF-8"?>
<testsuite xmlns:xsi="http://www.w3.org/2001/XMLSchema-instance" xsi:noNamespaceSchemaLocation="https://maven.apache.org/surefire/maven-surefire-plugin/xsd/surefire-test-report-3.0.xsd" version="3.0" name="com.navneet.drools.DroolsApplicationTests" time="3.96" tests="1" errors="0" skipped="0" failures="0">
  <properties>
    <property name="java.specification.version" value="17"/>
    <property name="sun.cpu.isalist" value="amd64"/>
    <property name="sun.jnu.encoding" value="Cp1252"/>
    <property name="java.class.path" value="C:\Work\ang5\drools\target\test-classes;C:\Work\ang5\drools\target\classes;C:\Users\wensheng.peng\.m2\repository\org\springframework\boot\spring-boot-starter-web\3.2.1\spring-boot-starter-web-3.2.1.jar;C:\Users\wensheng.peng\.m2\repository\org\springframework\boot\spring-boot-starter\3.2.1\spring-boot-starter-3.2.1.jar;C:\Users\wensheng.peng\.m2\repository\org\springframework\boot\spring-boot\3.2.1\spring-boot-3.2.1.jar;C:\Users\wensheng.peng\.m2\repository\org\springframework\boot\spring-boot-autoconfigure\3.2.1\spring-boot-autoconfigure-3.2.1.jar;C:\Users\wensheng.peng\.m2\repository\org\springframework\boot\spring-boot-starter-logging\3.2.1\spring-boot-starter-logging-3.2.1.jar;C:\Users\wensheng.peng\.m2\repository\ch\qos\logback\logback-classic\1.4.14\logback-classic-1.4.14.jar;C:\Users\wensheng.peng\.m2\repository\ch\qos\logback\logback-core\1.4.14\logback-core-1.4.14.jar;C:\Users\wensheng.peng\.m2\repository\org\apache\logging\log4j\log4j-to-slf4j\2.21.1\log4j-to-slf4j-2.21.1.jar;C:\Users\wensheng.peng\.m2\repository\org\apache\logging\log4j\log4j-api\2.21.1\log4j-api-2.21.1.jar;C:\Users\wensheng.peng\.m2\repository\org\slf4j\jul-to-slf4j\2.0.9\jul-to-slf4j-2.0.9.jar;C:\Users\wensheng.peng\.m2\repository\jakarta\annotation\jakarta.annotation-api\2.1.1\jakarta.annotation-api-2.1.1.jar;C:\Users\wensheng.peng\.m2\repository\org\yaml\snakeyaml\2.2\snakeyaml-2.2.jar;C:\Users\wensheng.peng\.m2\repository\org\springframework\boot\spring-boot-starter-json\3.2.1\spring-boot-starter-json-3.2.1.jar;C:\Users\wensheng.peng\.m2\repository\com\fasterxml\jackson\core\jackson-databind\2.15.3\jackson-databind-2.15.3.jar;C:\Users\wensheng.peng\.m2\repository\com\fasterxml\jackson\core\jackson-annotations\2.15.3\jackson-annotations-2.15.3.jar;C:\Users\wensheng.peng\.m2\repository\com\fasterxml\jackson\core\jackson-core\2.15.3\jackson-core-2.15.3.jar;C:\Users\wensheng.peng\.m2\repository\com\fasterxml\jackson\datatype\jackson-datatype-jdk8\2.15.3\jackson-datatype-jdk8-2.15.3.jar;C:\Users\wensheng.peng\.m2\repository\com\fasterxml\jackson\datatype\jackson-datatype-jsr310\2.15.3\jackson-datatype-jsr310-2.15.3.jar;C:\Users\wensheng.peng\.m2\repository\com\fasterxml\jackson\module\jackson-module-parameter-names\2.15.3\jackson-module-parameter-names-2.15.3.jar;C:\Users\wensheng.peng\.m2\repository\org\springframework\boot\spring-boot-starter-tomcat\3.2.1\spring-boot-starter-tomcat-3.2.1.jar;C:\Users\wensheng.peng\.m2\repository\org\apache\tomcat\embed\tomcat-embed-core\10.1.17\tomcat-embed-core-10.1.17.jar;C:\Users\wensheng.peng\.m2\repository\org\apache\tomcat\embed\tomcat-embed-el\10.1.17\tomcat-embed-el-10.1.17.jar;C:\Users\wensheng.peng\.m2\repository\org\apache\tomcat\embed\tomcat-embed-websocket\10.1.17\tomcat-embed-websocket-10.1.17.jar;C:\Users\wensheng.peng\.m2\repository\org\springframework\spring-web\6.1.2\spring-web-6.1.2.jar;C:\Users\wensheng.peng\.m2\repository\io\micrometer\micrometer-observation\1.12.1\micrometer-observation-1.12.1.jar;C:\Users\wensheng.peng\.m2\repository\io\micrometer\micrometer-commons\1.12.1\micrometer-commons-1.12.1.jar;C:\Users\wensheng.peng\.m2\repository\org\springframework\spring-webmvc\6.1.2\spring-webmvc-6.1.2.jar;C:\Users\wensheng.peng\.m2\repository\org\springframework\spring-aop\6.1.2\spring-aop-6.1.2.jar;C:\Users\wensheng.peng\.m2\repository\org\springframework\spring-expression\6.1.2\spring-expression-6.1.2.jar;C:\Users\wensheng.peng\.m2\repository\org\springframework\boot\spring-boot-starter-test\3.2.1\spring-boot-starter-test-3.2.1.jar;C:\Users\wensheng.peng\.m2\repository\org\springframework\boot\spring-boot-test\3.2.1\spring-boot-test-3.2.1.jar;C:\Users\wensheng.peng\.m2\repository\org\springframework\boot\spring-boot-test-autoconfigure\3.2.1\spring-boot-test-autoconfigure-3.2.1.jar;C:\Users\wensheng.peng\.m2\repository\com\jayway\jsonpath\json-path\2.8.0\json-path-2.8.0.jar;C:\Users\wensheng.peng\.m2\repository\jakarta\xml\bind\jakarta.xml.bind-api\4.0.1\jakarta.xml.bind-api-4.0.1.jar;C:\Users\wensheng.peng\.m2\repository\jakarta\activation\jakarta.activation-api\2.1.2\jakarta.activation-api-2.1.2.jar;C:\Users\wensheng.peng\.m2\repository\net\minidev\json-smart\2.5.0\json-smart-2.5.0.jar;C:\Users\wensheng.peng\.m2\repository\net\minidev\accessors-smart\2.5.0\accessors-smart-2.5.0.jar;C:\Users\wensheng.peng\.m2\repository\org\ow2\asm\asm\9.3\asm-9.3.jar;C:\Users\wensheng.peng\.m2\repository\org\assertj\assertj-core\3.24.2\assertj-core-3.24.2.jar;C:\Users\wensheng.peng\.m2\repository\net\bytebuddy\byte-buddy\1.14.10\byte-buddy-1.14.10.jar;C:\Users\wensheng.peng\.m2\repository\org\awaitility\awaitility\4.2.0\awaitility-4.2.0.jar;C:\Users\wensheng.peng\.m2\repository\org\hamcrest\hamcrest\2.2\hamcrest-2.2.jar;C:\Users\wensheng.peng\.m2\repository\org\junit\jupiter\junit-jupiter\5.10.1\junit-jupiter-5.10.1.jar;C:\Users\wensheng.peng\.m2\repository\org\junit\jupiter\junit-jupiter-api\5.10.1\junit-jupiter-api-5.10.1.jar;C:\Users\wensheng.peng\.m2\repository\org\opentest4j\opentest4j\1.3.0\opentest4j-1.3.0.jar;C:\Users\wensheng.peng\.m2\repository\org\junit\platform\junit-platform-commons\1.10.1\junit-platform-commons-1.10.1.jar;C:\Users\wensheng.peng\.m2\repository\org\apiguardian\apiguardian-api\1.1.2\apiguardian-api-1.1.2.jar;C:\Users\wensheng.peng\.m2\repository\org\junit\jupiter\junit-jupiter-params\5.10.1\junit-jupiter-params-5.10.1.jar;C:\Users\wensheng.peng\.m2\repository\org\junit\jupiter\junit-jupiter-engine\5.10.1\junit-jupiter-engine-5.10.1.jar;C:\Users\wensheng.peng\.m2\repository\org\junit\platform\junit-platform-engine\1.10.1\junit-platform-engine-1.10.1.jar;C:\Users\wensheng.peng\.m2\repository\org\mockito\mockito-core\5.7.0\mockito-core-5.7.0.jar;C:\Users\wensheng.peng\.m2\repository\net\bytebuddy\byte-buddy-agent\1.14.10\byte-buddy-agent-1.14.10.jar;C:\Users\wensheng.peng\.m2\repository\org\objenesis\objenesis\3.3\objenesis-3.3.jar;C:\Users\wensheng.peng\.m2\repository\org\mockito\mockito-junit-jupiter\5.7.0\mockito-junit-jupiter-5.7.0.jar;C:\Users\wensheng.peng\.m2\repository\org\skyscreamer\jsonassert\1.5.1\jsonassert-1.5.1.jar;C:\Users\wensheng.peng\.m2\repository\com\vaadin\external\google\android-json\0.0.20131108.vaadin1\android-json-0.0.20131108.vaadin1.jar;C:\Users\wensheng.peng\.m2\repository\org\springframework\spring-core\6.1.2\spring-core-6.1.2.jar;C:\Users\wensheng.peng\.m2\repository\org\springframework\spring-jcl\6.1.2\spring-jcl-6.1.2.jar;C:\Users\wensheng.peng\.m2\repository\org\springframework\spring-test\6.1.2\spring-test-6.1.2.jar;C:\Users\wensheng.peng\.m2\repository\org\xmlunit\xmlunit-core\2.9.1\xmlunit-core-2.9.1.jar;C:\Users\wensheng.peng\.m2\repository\org\drools\drools-core\7.50.0.Final\drools-core-7.50.0.Final.jar;C:\Users\wensheng.peng\.m2\repository\org\kie\kie-api\7.50.0.Final\kie-api-7.50.0.Final.jar;C:\Users\wensheng.peng\.m2\repository\org\kie\soup\kie-soup-maven-support\7.50.0.Final\kie-soup-maven-support-7.50.0.Final.jar;C:\Users\wensheng.peng\.m2\repository\org\kie\kie-internal\7.50.0.Final\kie-internal-7.50.0.Final.jar;C:\Users\wensheng.peng\.m2\repository\org\kie\soup\kie-soup-xstream\7.50.0.Final\kie-soup-xstream-7.50.0.Final.jar;C:\Users\wensheng.peng\.m2\repository\org\drools\drools-core-reflective\7.50.0.Final\drools-core-reflective-7.50.0.Final.jar;C:\Users\wensheng.peng\.m2\repository\org\kie\kie-memory-compiler\7.50.0.Final\kie-memory-compiler-7.50.0.Final.jar;C:\Users\wensheng.peng\.m2\repository\org\drools\drools-core-dynamic\7.50.0.Final\drools-core-dynamic-7.50.0.Final.jar;C:\Users\wensheng.peng\.m2\repository\org\slf4j\slf4j-api\2.0.9\slf4j-api-2.0.9.jar;C:\Users\wensheng.peng\.m2\repository\commons-codec\commons-codec\1.16.0\commons-codec-1.16.0.jar;C:\Users\wensheng.peng\.m2\repository\org\kie\kie-spring\7.50.0.Final\kie-spring-7.50.0.Final.jar;C:\Users\wensheng.peng\.m2\repository\org\jbpm\jbpm-flow\7.50.0.Final\jbpm-flow-7.50.0.Final.jar;C:\Users\wensheng.peng\.m2\repository\org\drools\drools-mvel\7.50.0.Final\drools-mvel-7.50.0.Final.jar;C:\Users\wensheng.peng\.m2\repository\org\drools\drools-serialization-protobuf\7.50.0.Final\drools-serialization-protobuf-7.50.0.Final.jar;C:\Users\wensheng.peng\.m2\repository\org\kie\soup\kie-soup-commons\7.50.0.Final\kie-soup-commons-7.50.0.Final.jar;C:\Users\wensheng.peng\.m2\repository\org\kie\soup\kie-soup-project-datamodel-commons\7.50.0.Final\kie-soup-project-datamodel-commons-7.50.0.Final.jar;C:\Users\wensheng.peng\.m2\repository\org\kie\soup\kie-soup-project-datamodel-api\7.50.0.Final\kie-soup-project-datamodel-api-7.50.0.Final.jar;C:\Users\wensheng.peng\.m2\repository\org\kie\kie-dmn-api\7.50.0.Final\kie-dmn-api-7.50.0.Final.jar;C:\Users\wensheng.peng\.m2\repository\org\kie\kie-dmn-feel\7.50.0.Final\kie-dmn-feel-7.50.0.Final.jar;C:\Users\wensheng.peng\.m2\repository\org\kie\kie-dmn-model\7.50.0.Final\kie-dmn-model-7.50.0.Final.jar;C:\Users\wensheng.peng\.m2\repository\org\antlr\antlr4-runtime\4.8\antlr4-runtime-4.8.jar;C:\Users\wensheng.peng\.m2\repository\com\github\javaparser\javaparser-core\3.13.10\javaparser-core-3.13.10.jar;C:\Users\wensheng.peng\.m2\repository\org\drools\drools-mvel-parser\7.50.0.Final\drools-mvel-parser-7.50.0.Final.jar;C:\Users\wensheng.peng\.m2\repository\ch\obermuhlner\big-math\2.0.1\big-math-2.0.1.jar;C:\Users\wensheng.peng\.m2\repository\org\kie\kie-dmn-core\7.50.0.Final\kie-dmn-core-7.50.0.Final.jar;C:\Users\wensheng.peng\.m2\repository\org\kie\kie-dmn-backend\7.50.0.Final\kie-dmn-backend-7.50.0.Final.jar;C:\Users\wensheng.peng\.m2\repository\org\drools\drools-ruleunit\7.50.0.Final\drools-ruleunit-7.50.0.Final.jar;C:\Users\wensheng.peng\.m2\repository\org\drools\drools-canonical-model\7.50.0.Final\drools-canonical-model-7.50.0.Final.jar;C:\Users\wensheng.peng\.m2\repository\org\drools\drools-model-compiler\7.50.0.Final\drools-model-compiler-7.50.0.Final.jar;C:\Users\wensheng.peng\.m2\repository\org\drools\drools-mvel-compiler\7.50.0.Final\drools-mvel-compiler-7.50.0.Final.jar;C:\Users\wensheng.peng\.m2\repository\org\drools\drools-alphanetwork-compiler\7.50.0.Final\drools-alphanetwork-compiler-7.50.0.Final.jar;C:\Users\wensheng.peng\.m2\repository\org\jpmml\pmml-model\1.5.1\pmml-model-1.5.1.jar;C:\Users\wensheng.peng\.m2\repository\org\jpmml\pmml-agent\1.5.1\pmml-agent-1.5.1.jar;C:\Users\wensheng.peng\.m2\repository\com\google\protobuf\protobuf-java\3.6.1\protobuf-java-3.6.1.jar;C:\Users\wensheng.peng\.m2\repository\org\mvel\mvel2\2.4.12.Final\mvel2-2.4.12.Final.jar;C:\Users\wensheng.peng\.m2\repository\org\apache\commons\commons-lang3\3.13.0\commons-lang3-3.13.0.jar;C:\Users\wensheng.peng\.m2\repository\org\springframework\spring-tx\6.1.2\spring-tx-6.1.2.jar;C:\Users\wensheng.peng\.m2\repository\org\drools\drools-compiler\7.50.0.Final\drools-compiler-7.50.0.Final.jar;C:\Users\wensheng.peng\.m2\repository\org\drools\drools-ecj\7.50.0.Final\drools-ecj-7.50.0.Final.jar;C:\Users\wensheng.peng\.m2\repository\org\antlr\antlr-runtime\3.5.2\antlr-runtime-3.5.2.jar;C:\Users\wensheng.peng\.m2\repository\org\drools\drools-decisiontables\7.50.0.Final\drools-decisiontables-7.50.0.Final.jar;C:\Users\wensheng.peng\.m2\repository\org\drools\drools-templates\7.50.0.Final\drools-templates-7.50.0.Final.jar;C:\Users\wensheng.peng\.m2\repository\org\apache\poi\poi-ooxml\4.1.2\poi-ooxml-4.1.2.jar;C:\Users\wensheng.peng\.m2\repository\org\apache\poi\poi-ooxml-schemas\4.1.2\poi-ooxml-schemas-4.1.2.jar;C:\Users\wensheng.peng\.m2\repository\org\apache\xmlbeans\xmlbeans\3.1.0\xmlbeans-3.1.0.jar;C:\Users\wensheng.peng\.m2\repository\org\apache\commons\commons-compress\1.19\commons-compress-1.19.jar;C:\Users\wensheng.peng\.m2\repository\com\github\virtuald\curvesapi\1.06\curvesapi-1.06.jar;C:\Users\wensheng.peng\.m2\repository\org\apache\poi\poi\4.1.2\poi-4.1.2.jar;C:\Users\wensheng.peng\.m2\repository\org\apache\commons\commons-collections4\4.4\commons-collections4-4.4.jar;C:\Users\wensheng.peng\.m2\repository\org\apache\commons\commons-math3\3.6.1\commons-math3-3.6.1.jar;C:\Users\wensheng.peng\.m2\repository\com\zaxxer\SparseBitSet\1.2\SparseBitSet-1.2.jar;C:\Users\wensheng.peng\.m2\repository\org\springframework\spring-beans\6.1.2\spring-beans-6.1.2.jar;C:\Users\wensheng.peng\.m2\repository\org\springframework\spring-context\6.1.2\spring-context-6.1.2.jar;C:\Users\wensheng.peng\.m2\repository\com\thoughtworks\xstream\xstream\1.4.15\xstream-1.4.15.jar;C:\Users\wensheng.peng\.m2\repository\xmlpull\xmlpull\1.1.3.1\xmlpull-1.1.3.1.jar;C:\Users\wensheng.peng\.m2\repository\xpp3\xpp3_min\1.1.4c\xpp3_min-1.1.4c.jar;C:\Users\wensheng.peng\.m2\repository\org\projectlombok\lombok\1.18.28\lombok-1.18.28.jar;"/>
    <property name="java.vm.vendor" value="Oracle Corporation"/>
    <property name="sun.arch.data.model" value="64"/>
    <property name="user.variant" value=""/>
    <property name="java.vendor.url" value="https://java.oracle.com/"/>
    <property name="user.timezone" value="America/New_York"/>
    <property name="os.name" value="Windows 11"/>
    <property name="java.vm.specification.version" value="17"/>
    <property name="sun.java.launcher" value="SUN_STANDARD"/>
    <property name="user.country" value="US"/>
    <property name="sun.boot.library.path" value="C:\Users\wensheng.peng\jdk-17.0.8\bin"/>
    <property name="sun.java.command" value="C:\Users\wensheng.peng\AppData\Local\Temp\1\surefire16515183258740188096\surefirebooter-20240211094929718_3.jar C:\Users\wensheng.peng\AppData\Local\Temp\1\surefire16515183258740188096 2024-02-11T09-49-29_473-jvmRun1 surefire-20240211094929718_1tmp surefire_0-20240211094929718_2tmp"/>
    <property name="jdk.debug" value="release"/>
    <property name="surefire.test.class.path" value="C:\Work\ang5\drools\target\test-classes;C:\Work\ang5\drools\target\classes;C:\Users\wensheng.peng\.m2\repository\org\springframework\boot\spring-boot-starter-web\3.2.1\spring-boot-starter-web-3.2.1.jar;C:\Users\wensheng.peng\.m2\repository\org\springframework\boot\spring-boot-starter\3.2.1\spring-boot-starter-3.2.1.jar;C:\Users\wensheng.peng\.m2\repository\org\springframework\boot\spring-boot\3.2.1\spring-boot-3.2.1.jar;C:\Users\wensheng.peng\.m2\repository\org\springframework\boot\spring-boot-autoconfigure\3.2.1\spring-boot-autoconfigure-3.2.1.jar;C:\Users\wensheng.peng\.m2\repository\org\springframework\boot\spring-boot-starter-logging\3.2.1\spring-boot-starter-logging-3.2.1.jar;C:\Users\wensheng.peng\.m2\repository\ch\qos\logback\logback-classic\1.4.14\logback-classic-1.4.14.jar;C:\Users\wensheng.peng\.m2\repository\ch\qos\logback\logback-core\1.4.14\logback-core-1.4.14.jar;C:\Users\wensheng.peng\.m2\repository\org\apache\logging\log4j\log4j-to-slf4j\2.21.1\log4j-to-slf4j-2.21.1.jar;C:\Users\wensheng.peng\.m2\repository\org\apache\logging\log4j\log4j-api\2.21.1\log4j-api-2.21.1.jar;C:\Users\wensheng.peng\.m2\repository\org\slf4j\jul-to-slf4j\2.0.9\jul-to-slf4j-2.0.9.jar;C:\Users\wensheng.peng\.m2\repository\jakarta\annotation\jakarta.annotation-api\2.1.1\jakarta.annotation-api-2.1.1.jar;C:\Users\wensheng.peng\.m2\repository\org\yaml\snakeyaml\2.2\snakeyaml-2.2.jar;C:\Users\wensheng.peng\.m2\repository\org\springframework\boot\spring-boot-starter-json\3.2.1\spring-boot-starter-json-3.2.1.jar;C:\Users\wensheng.peng\.m2\repository\com\fasterxml\jackson\core\jackson-databind\2.15.3\jackson-databind-2.15.3.jar;C:\Users\wensheng.peng\.m2\repository\com\fasterxml\jackson\core\jackson-annotations\2.15.3\jackson-annotations-2.15.3.jar;C:\Users\wensheng.peng\.m2\repository\com\fasterxml\jackson\core\jackson-core\2.15.3\jackson-core-2.15.3.jar;C:\Users\wensheng.peng\.m2\repository\com\fasterxml\jackson\datatype\jackson-datatype-jdk8\2.15.3\jackson-datatype-jdk8-2.15.3.jar;C:\Users\wensheng.peng\.m2\repository\com\fasterxml\jackson\datatype\jackson-datatype-jsr310\2.15.3\jackson-datatype-jsr310-2.15.3.jar;C:\Users\wensheng.peng\.m2\repository\com\fasterxml\jackson\module\jackson-module-parameter-names\2.15.3\jackson-module-parameter-names-2.15.3.jar;C:\Users\wensheng.peng\.m2\repository\org\springframework\boot\spring-boot-starter-tomcat\3.2.1\spring-boot-starter-tomcat-3.2.1.jar;C:\Users\wensheng.peng\.m2\repository\org\apache\tomcat\embed\tomcat-embed-core\10.1.17\tomcat-embed-core-10.1.17.jar;C:\Users\wensheng.peng\.m2\repository\org\apache\tomcat\embed\tomcat-embed-el\10.1.17\tomcat-embed-el-10.1.17.jar;C:\Users\wensheng.peng\.m2\repository\org\apache\tomcat\embed\tomcat-embed-websocket\10.1.17\tomcat-embed-websocket-10.1.17.jar;C:\Users\wensheng.peng\.m2\repository\org\springframework\spring-web\6.1.2\spring-web-6.1.2.jar;C:\Users\wensheng.peng\.m2\repository\io\micrometer\micrometer-observation\1.12.1\micrometer-observation-1.12.1.jar;C:\Users\wensheng.peng\.m2\repository\io\micrometer\micrometer-commons\1.12.1\micrometer-commons-1.12.1.jar;C:\Users\wensheng.peng\.m2\repository\org\springframework\spring-webmvc\6.1.2\spring-webmvc-6.1.2.jar;C:\Users\wensheng.peng\.m2\repository\org\springframework\spring-aop\6.1.2\spring-aop-6.1.2.jar;C:\Users\wensheng.peng\.m2\repository\org\springframework\spring-expression\6.1.2\spring-expression-6.1.2.jar;C:\Users\wensheng.peng\.m2\repository\org\springframework\boot\spring-boot-starter-test\3.2.1\spring-boot-starter-test-3.2.1.jar;C:\Users\wensheng.peng\.m2\repository\org\springframework\boot\spring-boot-test\3.2.1\spring-boot-test-3.2.1.jar;C:\Users\wensheng.peng\.m2\repository\org\springframework\boot\spring-boot-test-autoconfigure\3.2.1\spring-boot-test-autoconfigure-3.2.1.jar;C:\Users\wensheng.peng\.m2\repository\com\jayway\jsonpath\json-path\2.8.0\json-path-2.8.0.jar;C:\Users\wensheng.peng\.m2\repository\jakarta\xml\bind\jakarta.xml.bind-api\4.0.1\jakarta.xml.bind-api-4.0.1.jar;C:\Users\wensheng.peng\.m2\repository\jakarta\activation\jakarta.activation-api\2.1.2\jakarta.activation-api-2.1.2.jar;C:\Users\wensheng.peng\.m2\repository\net\minidev\json-smart\2.5.0\json-smart-2.5.0.jar;C:\Users\wensheng.peng\.m2\repository\net\minidev\accessors-smart\2.5.0\accessors-smart-2.5.0.jar;C:\Users\wensheng.peng\.m2\repository\org\ow2\asm\asm\9.3\asm-9.3.jar;C:\Users\wensheng.peng\.m2\repository\org\assertj\assertj-core\3.24.2\assertj-core-3.24.2.jar;C:\Users\wensheng.peng\.m2\repository\net\bytebuddy\byte-buddy\1.14.10\byte-buddy-1.14.10.jar;C:\Users\wensheng.peng\.m2\repository\org\awaitility\awaitility\4.2.0\awaitility-4.2.0.jar;C:\Users\wensheng.peng\.m2\repository\org\hamcrest\hamcrest\2.2\hamcrest-2.2.jar;C:\Users\wensheng.peng\.m2\repository\org\junit\jupiter\junit-jupiter\5.10.1\junit-jupiter-5.10.1.jar;C:\Users\wensheng.peng\.m2\repository\org\junit\jupiter\junit-jupiter-api\5.10.1\junit-jupiter-api-5.10.1.jar;C:\Users\wensheng.peng\.m2\repository\org\opentest4j\opentest4j\1.3.0\opentest4j-1.3.0.jar;C:\Users\wensheng.peng\.m2\repository\org\junit\platform\junit-platform-commons\1.10.1\junit-platform-commons-1.10.1.jar;C:\Users\wensheng.peng\.m2\repository\org\apiguardian\apiguardian-api\1.1.2\apiguardian-api-1.1.2.jar;C:\Users\wensheng.peng\.m2\repository\org\junit\jupiter\junit-jupiter-params\5.10.1\junit-jupiter-params-5.10.1.jar;C:\Users\wensheng.peng\.m2\repository\org\junit\jupiter\junit-jupiter-engine\5.10.1\junit-jupiter-engine-5.10.1.jar;C:\Users\wensheng.peng\.m2\repository\org\junit\platform\junit-platform-engine\1.10.1\junit-platform-engine-1.10.1.jar;C:\Users\wensheng.peng\.m2\repository\org\mockito\mockito-core\5.7.0\mockito-core-5.7.0.jar;C:\Users\wensheng.peng\.m2\repository\net\bytebuddy\byte-buddy-agent\1.14.10\byte-buddy-agent-1.14.10.jar;C:\Users\wensheng.peng\.m2\repository\org\objenesis\objenesis\3.3\objenesis-3.3.jar;C:\Users\wensheng.peng\.m2\repository\org\mockito\mockito-junit-jupiter\5.7.0\mockito-junit-jupiter-5.7.0.jar;C:\Users\wensheng.peng\.m2\repository\org\skyscreamer\jsonassert\1.5.1\jsonassert-1.5.1.jar;C:\Users\wensheng.peng\.m2\repository\com\vaadin\external\google\android-json\0.0.20131108.vaadin1\android-json-0.0.20131108.vaadin1.jar;C:\Users\wensheng.peng\.m2\repository\org\springframework\spring-core\6.1.2\spring-core-6.1.2.jar;C:\Users\wensheng.peng\.m2\repository\org\springframework\spring-jcl\6.1.2\spring-jcl-6.1.2.jar;C:\Users\wensheng.peng\.m2\repository\org\springframework\spring-test\6.1.2\spring-test-6.1.2.jar;C:\Users\wensheng.peng\.m2\repository\org\xmlunit\xmlunit-core\2.9.1\xmlunit-core-2.9.1.jar;C:\Users\wensheng.peng\.m2\repository\org\drools\drools-core\7.50.0.Final\drools-core-7.50.0.Final.jar;C:\Users\wensheng.peng\.m2\repository\org\kie\kie-api\7.50.0.Final\kie-api-7.50.0.Final.jar;C:\Users\wensheng.peng\.m2\repository\org\kie\soup\kie-soup-maven-support\7.50.0.Final\kie-soup-maven-support-7.50.0.Final.jar;C:\Users\wensheng.peng\.m2\repository\org\kie\kie-internal\7.50.0.Final\kie-internal-7.50.0.Final.jar;C:\Users\wensheng.peng\.m2\repository\org\kie\soup\kie-soup-xstream\7.50.0.Final\kie-soup-xstream-7.50.0.Final.jar;C:\Users\wensheng.peng\.m2\repository\org\drools\drools-core-reflective\7.50.0.Final\drools-core-reflective-7.50.0.Final.jar;C:\Users\wensheng.peng\.m2\repository\org\kie\kie-memory-compiler\7.50.0.Final\kie-memory-compiler-7.50.0.Final.jar;C:\Users\wensheng.peng\.m2\repository\org\drools\drools-core-dynamic\7.50.0.Final\drools-core-dynamic-7.50.0.Final.jar;C:\Users\wensheng.peng\.m2\repository\org\slf4j\slf4j-api\2.0.9\slf4j-api-2.0.9.jar;C:\Users\wensheng.peng\.m2\repository\commons-codec\commons-codec\1.16.0\commons-codec-1.16.0.jar;C:\Users\wensheng.peng\.m2\repository\org\kie\kie-spring\7.50.0.Final\kie-spring-7.50.0.Final.jar;C:\Users\wensheng.peng\.m2\repository\org\jbpm\jbpm-flow\7.50.0.Final\jbpm-flow-7.50.0.Final.jar;C:\Users\wensheng.peng\.m2\repository\org\drools\drools-mvel\7.50.0.Final\drools-mvel-7.50.0.Final.jar;C:\Users\wensheng.peng\.m2\repository\org\drools\drools-serialization-protobuf\7.50.0.Final\drools-serialization-protobuf-7.50.0.Final.jar;C:\Users\wensheng.peng\.m2\repository\org\kie\soup\kie-soup-commons\7.50.0.Final\kie-soup-commons-7.50.0.Final.jar;C:\Users\wensheng.peng\.m2\repository\org\kie\soup\kie-soup-project-datamodel-commons\7.50.0.Final\kie-soup-project-datamodel-commons-7.50.0.Final.jar;C:\Users\wensheng.peng\.m2\repository\org\kie\soup\kie-soup-project-datamodel-api\7.50.0.Final\kie-soup-project-datamodel-api-7.50.0.Final.jar;C:\Users\wensheng.peng\.m2\repository\org\kie\kie-dmn-api\7.50.0.Final\kie-dmn-api-7.50.0.Final.jar;C:\Users\wensheng.peng\.m2\repository\org\kie\kie-dmn-feel\7.50.0.Final\kie-dmn-feel-7.50.0.Final.jar;C:\Users\wensheng.peng\.m2\repository\org\kie\kie-dmn-model\7.50.0.Final\kie-dmn-model-7.50.0.Final.jar;C:\Users\wensheng.peng\.m2\repository\org\antlr\antlr4-runtime\4.8\antlr4-runtime-4.8.jar;C:\Users\wensheng.peng\.m2\repository\com\github\javaparser\javaparser-core\3.13.10\javaparser-core-3.13.10.jar;C:\Users\wensheng.peng\.m2\repository\org\drools\drools-mvel-parser\7.50.0.Final\drools-mvel-parser-7.50.0.Final.jar;C:\Users\wensheng.peng\.m2\repository\ch\obermuhlner\big-math\2.0.1\big-math-2.0.1.jar;C:\Users\wensheng.peng\.m2\repository\org\kie\kie-dmn-core\7.50.0.Final\kie-dmn-core-7.50.0.Final.jar;C:\Users\wensheng.peng\.m2\repository\org\kie\kie-dmn-backend\7.50.0.Final\kie-dmn-backend-7.50.0.Final.jar;C:\Users\wensheng.peng\.m2\repository\org\drools\drools-ruleunit\7.50.0.Final\drools-ruleunit-7.50.0.Final.jar;C:\Users\wensheng.peng\.m2\repository\org\drools\drools-canonical-model\7.50.0.Final\drools-canonical-model-7.50.0.Final.jar;C:\Users\wensheng.peng\.m2\repository\org\drools\drools-model-compiler\7.50.0.Final\drools-model-compiler-7.50.0.Final.jar;C:\Users\wensheng.peng\.m2\repository\org\drools\drools-mvel-compiler\7.50.0.Final\drools-mvel-compiler-7.50.0.Final.jar;C:\Users\wensheng.peng\.m2\repository\org\drools\drools-alphanetwork-compiler\7.50.0.Final\drools-alphanetwork-compiler-7.50.0.Final.jar;C:\Users\wensheng.peng\.m2\repository\org\jpmml\pmml-model\1.5.1\pmml-model-1.5.1.jar;C:\Users\wensheng.peng\.m2\repository\org\jpmml\pmml-agent\1.5.1\pmml-agent-1.5.1.jar;C:\Users\wensheng.peng\.m2\repository\com\google\protobuf\protobuf-java\3.6.1\protobuf-java-3.6.1.jar;C:\Users\wensheng.peng\.m2\repository\org\mvel\mvel2\2.4.12.Final\mvel2-2.4.12.Final.jar;C:\Users\wensheng.peng\.m2\repository\org\apache\commons\commons-lang3\3.13.0\commons-lang3-3.13.0.jar;C:\Users\wensheng.peng\.m2\repository\org\springframework\spring-tx\6.1.2\spring-tx-6.1.2.jar;C:\Users\wensheng.peng\.m2\repository\org\drools\drools-compiler\7.50.0.Final\drools-compiler-7.50.0.Final.jar;C:\Users\wensheng.peng\.m2\repository\org\drools\drools-ecj\7.50.0.Final\drools-ecj-7.50.0.Final.jar;C:\Users\wensheng.peng\.m2\repository\org\antlr\antlr-runtime\3.5.2\antlr-runtime-3.5.2.jar;C:\Users\wensheng.peng\.m2\repository\org\drools\drools-decisiontables\7.50.0.Final\drools-decisiontables-7.50.0.Final.jar;C:\Users\wensheng.peng\.m2\repository\org\drools\drools-templates\7.50.0.Final\drools-templates-7.50.0.Final.jar;C:\Users\wensheng.peng\.m2\repository\org\apache\poi\poi-ooxml\4.1.2\poi-ooxml-4.1.2.jar;C:\Users\wensheng.peng\.m2\repository\org\apache\poi\poi-ooxml-schemas\4.1.2\poi-ooxml-schemas-4.1.2.jar;C:\Users\wensheng.peng\.m2\repository\org\apache\xmlbeans\xmlbeans\3.1.0\xmlbeans-3.1.0.jar;C:\Users\wensheng.peng\.m2\repository\org\apache\commons\commons-compress\1.19\commons-compress-1.19.jar;C:\Users\wensheng.peng\.m2\repository\com\github\virtuald\curvesapi\1.06\curvesapi-1.06.jar;C:\Users\wensheng.peng\.m2\repository\org\apache\poi\poi\4.1.2\poi-4.1.2.jar;C:\Users\wensheng.peng\.m2\repository\org\apache\commons\commons-collections4\4.4\commons-collections4-4.4.jar;C:\Users\wensheng.peng\.m2\repository\org\apache\commons\commons-math3\3.6.1\commons-math3-3.6.1.jar;C:\Users\wensheng.peng\.m2\repository\com\zaxxer\SparseBitSet\1.2\SparseBitSet-1.2.jar;C:\Users\wensheng.peng\.m2\repository\org\springframework\spring-beans\6.1.2\spring-beans-6.1.2.jar;C:\Users\wensheng.peng\.m2\repository\org\springframework\spring-context\6.1.2\spring-context-6.1.2.jar;C:\Users\wensheng.peng\.m2\repository\com\thoughtworks\xstream\xstream\1.4.15\xstream-1.4.15.jar;C:\Users\wensheng.peng\.m2\repository\xmlpull\xmlpull\1.1.3.1\xmlpull-1.1.3.1.jar;C:\Users\wensheng.peng\.m2\repository\xpp3\xpp3_min\1.1.4c\xpp3_min-1.1.4c.jar;C:\Users\wensheng.peng\.m2\repository\org\projectlombok\lombok\1.18.28\lombok-1.18.28.jar;"/>
    <property name="sun.cpu.endian" value="little"/>
    <property name="user.home" value="C:\Users\wensheng.peng"/>
    <property name="user.language" value="en"/>
    <property name="java.specification.vendor" value="Oracle Corporation"/>
    <property name="java.version.date" value="2023-07-18"/>
    <property name="java.home" value="C:\Users\wensheng.peng\jdk-17.0.8"/>
    <property name="file.separator" value="\"/>
    <property name="basedir" value="C:\Work\ang5\drools"/>
    <property name="java.vm.compressedOopsMode" value="Zero based"/>
    <property name="line.separator" value="&#10;"/>
    <property name="java.vm.specification.vendor" value="Oracle Corporation"/>
    <property name="java.specification.name" value="Java Platform API Specification"/>
    <property name="FILE_LOG_CHARSET" value="windows-1252"/>
    <property name="java.awt.headless" value="true"/>
    <property name="surefire.real.class.path" value="C:\Users\wensheng.peng\AppData\Local\Temp\1\surefire16515183258740188096\surefirebooter-20240211094929718_3.jar"/>
    <property name="user.script" value=""/>
    <property name="sun.management.compiler" value="HotSpot 64-Bit Tiered Compilers"/>
    <property name="java.runtime.version" value="17.0.8+9-LTS-211"/>
    <property name="user.name" value="wensheng.peng"/>
    <property name="path.separator" value=";"/>
    <property name="os.version" value="10.0"/>
    <property name="java.runtime.name" value="Java(TM) SE Runtime Environment"/>
    <property name="file.encoding" value="Cp1252"/>
    <property name="java.vm.name" value="Java HotSpot(TM) 64-Bit Server VM"/>
    <property name="localRepository" value="C:\Users\wensheng.peng\.m2\repository"/>
    <property name="java.vendor.url.bug" value="https://bugreport.java.com/bugreport/"/>
    <property name="java.io.tmpdir" value="C:\Users\WENSHE~1.PEN\AppData\Local\Temp\1\"/>
    <property name="java.version" value="17.0.8"/>
    <property name="user.dir" value="C:\Work\ang5\drools"/>
    <property name="os.arch" value="amd64"/>
    <property name="java.vm.specification.name" value="Java Virtual Machine Specification"/>
    <property name="PID" value="96996"/>
    <property name="sun.os.patch.level" value=""/>
    <property name="CONSOLE_LOG_CHARSET" value="windows-1252"/>
    <property name="native.encoding" value="Cp1252"/>
    <property name="java.library.path" value="C:\Users\wensheng.peng\jdk-17.0.8\bin;C:\Windows\Sun\Java\bin;C:\Windows\system32;C:\Windows;C:\Users\wensheng.peng\jdk-17.0.8\bin;C:\Program Files (x86)\Common Files\Oracle\Java\javapath;C:\Program Files\Python39\Scripts\;C:\Program Files\Python39\;C:\Program Files\Java\jdk-11\bin;C:\Windows\system32;C:\Windows;C:\Windows\System32\Wbem;C:\Windows\System32\WindowsPowerShell\v1.0\;C:\Windows\System32\OpenSSH\;C:\Program Files\Docker\Docker\resources\bin;C:\gradle-4.7\bin;C:\Program Files\PuTTY\;C:\Program Files (x86)\Microsoft SQL Server\150\DTS\Binn\;C:\Program Files\Azure Data Studio\bin;C:\Program Files (x86)\NetSarang\Xftp 7\;C:\Program Files (x86)\NetSarang\Xshell 7\;C:\Program Files\TortoiseGit\bin;C:\Program Files\nodejs\;C:\Users\wensheng.peng\AppData\Local\Microsoft\WindowsApps;C:\Tools\vim\vim72;C:\Tools\apache-maven-3.9.5\bin;C:\Tools\apache-ant-1.10.14\bin;C:\Tools\Gitbash\cmd;C:\Tools\Gitbash\usr\bin;C:\Tools\WinMerge;C:\Tools\notepad++;C:\Tools\groovy-4.0.18\bin;;."/>
    <property name="java.vm.info" value="mixed mode, sharing"/>
    <property name="java.vendor" value="Oracle Corporation"/>
    <property name="java.vm.version" value="17.0.8+9-LTS-211"/>
    <property name="sun.io.unicode.encoding" value="UnicodeLittle"/>
    <property name="java.class.version" value="61.0"/>
  </properties>
  <testcase name="contextLoads" classname="com.navneet.drools.DroolsApplicationTests" time="1.036">
    <system-out><![CDATA[09:49:31.025 [main] INFO org.springframework.test.context.support.AnnotationConfigContextLoaderUtils -- Could not detect default configuration classes for test class [com.navneet.drools.DroolsApplicationTests]: DroolsApplicationTests does not declare any static, non-private, non-final, nested classes annotated with @Configuration.
09:49:31.149 [main] INFO org.springframework.boot.test.context.SpringBootTestContextBootstrapper -- Found @SpringBootConfiguration com.navneet.drools.DroolsApplication for test class com.navneet.drools.DroolsApplicationTests

  .   ____          _            __ _ _
 /\\ / ___'_ __ _ _(_)_ __  __ _ \ \ \ \
( ( )\___ | '_ | '_| | '_ \/ _` | \ \ \ \
 \\/  ___)| |_)| | | | | || (_| |  ) ) ) )
  '  |____| .__|_| |_|_| |_\__, | / / / /
 =========|_|==============|___/=/_/_/_/
 :: Spring Boot ::                (v3.2.1)

2024-02-11T09:49:31.643-05:00  INFO 96996 --- [           main] c.navneet.drools.DroolsApplicationTests  : Starting DroolsApplicationTests using Java 17.0.8 with PID 96996 (started by wensheng.peng in C:\Work\ang5\drools)
2024-02-11T09:49:31.643-05:00  INFO 96996 --- [           main] c.navneet.drools.DroolsApplicationTests  : No active profile set, falling back to 1 default profile: "default"
2024-02-11T09:49:32.767-05:00  INFO 96996 --- [           main] o.d.c.k.b.impl.ClasspathKieProject       : Found kmodule: file:/C:/Work/ang5/drools/target/classes/META-INF/kmodule.xml
2024-02-11T09:49:33.069-05:00  WARN 96996 --- [           main] o.d.c.k.b.impl.ClasspathKieProject       : Unable to find pom.properties in /C:/Work/ang5/drools/target/classes
2024-02-11T09:49:33.078-05:00  INFO 96996 --- [           main] o.d.c.k.b.impl.ClasspathKieProject       : Recursed up folders, found and used pom.xml C:\Work\ang5\drools\pom.xml
2024-02-11T09:49:33.721-05:00  INFO 96996 --- [           main] c.navneet.drools.DroolsApplicationTests  : Started DroolsApplicationTests in 2.339 seconds (process running for 3.594)
]]></system-out>
  </testcase>
</testsuite>